***********************************************
Report          : create_qor_snapshot (clock_pre_route)
Design          : i2c_master_top
Version         : S-2021.06-SP5
Date            : Tue May 28 19:55:39 2024
Time unit       : 1.00ns
Resistance unit : 1.00MOhm
Capacitance unit: 1.00fF
Voltage unit    : 1.00V
Current unit    : 1.00uA
Power unit      : 1.00pW
Location        : /RAID2/COURSE/asoc/asoc010/Lab/lab3_synopsys-flow/lab2_pnr/work/./
***********************************************
No. of scenario = 2
s1 = func_fast
s2 = func_slow
------------------------------------------------------------------------
WNS of each timing group:                       s1        s2 
------------------------------------------------------------------------
wb_clk_i                                    1.3868    1.3744 
------------------------------------------------------------------------
Setup WNS:                                  1.3868    1.3744      1.3744 
Setup TNS:                                  0.0000    0.0000      0.0000
Number of setup violations:                      0         0           0 
Hold WNS:                                  -0.0055   -0.0071     -0.0071 
Hold TNS:                                  -0.0055   -0.0071     -0.0071 
Number of hold violations:                       1         1           1 
Number of max trans violations:                  0         0           0 
Number of max cap violations:                    0         0           0 
Number of min pulse width violations:            0         0           0 
------------------------------------------------------------------------
Area:                                                            321.767
Cell count:                                                          704
Buf/inv cell count:                                                  153
Std cell utilization:                                             0.1982
CPU(s):                                                               82
Mem(Mb):                                                            1538
Host name:                                                          ee22
------------------------------------------------------------------------
Histogram:             s1   s2 
------------------------------------------------------------------------
Max violations:         0    0 
   above ~ -0.7  ---    0    0 
    -0.6 ~ -0.7  ---    0    0 
    -0.5 ~ -0.6  ---    0    0 
    -0.4 ~ -0.5  ---    0    0 
    -0.3 ~ -0.4  ---    0    0 
    -0.2 ~ -0.3  ---    0    0 
    -0.1 ~ -0.2  ---    0    0 
       0 ~ -0.1  ---    0    0 
------------------------------------------------------------------------
Min violations:         1    1 
  -0.06 ~ above  ---    0    0 
  -0.05 ~ -0.06  ---    0    0 
  -0.04 ~ -0.05  ---    0    0 
  -0.03 ~ -0.04  ---    0    0 
  -0.02 ~ -0.03  ---    0    0 
  -0.01 ~ -0.02  ---    0    0 
      0 ~ -0.01  ---    1    1 
------------------------------------------------------------------------
Snapshot report (index) is created and can be viewed using file "/RAID2/COURSE/asoc/asoc010/Lab/lab3_synopsys-flow/lab2_pnr/work/.//index.html"
